** Drc report for rcbus-opl3.kicad_pcb **
** Created on 2025-10-08T18:44:50+0000 **

** Found 8 DRC violations **
[silk_edge_clearance]: Silkscreen clipped by board edge
    ; warning
    @(160.0 mm, 165.0 mm): Segment on Edge.Cuts
    @(139.25 mm, 160.75 mm): PCB text 'https://maidavale.org/projects/rcbus-opl3/' on B.Silkscreen
[lib_footprint_mismatch]: Footprint 'SOIC-20W_7.5x12.8mm_P1.27mm' does not match copy in library 'Package_SO'.
    ; warning
    @(86.265 mm, 150.35 mm): Footprint U1
[lib_footprint_mismatch]: Footprint 'SOP-24_7.5x15.4mm_P1.27mm' does not match copy in library 'Package_SO'.
    ; warning
    @(132.0 mm, 151.0 mm): Footprint U2
[lib_footprint_mismatch]: Footprint 'Oscillator_SMD_Abracon_ASV-4Pin_7.0x5.1mm' does not match copy in library 'Oscillator'.
    ; warning
    @(144.5 mm, 146.5 mm): Footprint Y1
[lib_footprint_mismatch]: Footprint 'SOP-16_4.55x10.3mm_P1.27mm' does not match copy in library 'Package_SO'.
    ; warning
    @(123.595 mm, 135.75 mm): Footprint U3
[lib_footprint_mismatch]: Footprint 'SOIC-14_3.9x8.7mm_P1.27mm' does not match copy in library 'Package_SO'.
    ; warning
    @(123.5 mm, 123.037022 mm): Footprint U4
[text_thickness]: Text thickness out of range (TrueType font characters with insufficient stroke weight)
    ; warning
    @(139.25 mm, 160.75 mm): PCB text 'https://maidavale.org/projects/rcbus-opl3/' on B.Silkscreen
[text_thickness]: Text thickness out of range (TrueType font characters with insufficient stroke weight)
    ; warning
    @(88.49936 mm, 159.0 mm): PCB text 'CC BY-SA
https://creativecommons.org' on B.Silkscreen

** Found 0 unconnected pads **

** Found 7 Footprint errors **
[duplicate_footprints]: Duplicate footprints
    ; warning
    @(97.5 mm, 159.0 mm): Footprint REF**
    @(53.0 mm, 96.5 mm): Footprint REF**
[duplicate_footprints]: Duplicate footprints
    ; warning
    @(91.5 mm, 159.0 mm): Footprint REF**
    @(53.0 mm, 96.5 mm): Footprint REF**
[duplicate_footprints]: Duplicate footprints
    ; warning
    @(103.5 mm, 159.0 mm): Footprint REF**
    @(53.0 mm, 96.5 mm): Footprint REF**
[extra_footprint]: Extra footprint
    ; warning
    @(53.0 mm, 96.5 mm): Footprint REF**
[extra_footprint]: Extra footprint
    ; warning
    @(97.5 mm, 159.0 mm): Footprint REF**
[extra_footprint]: Extra footprint
    ; warning
    @(91.5 mm, 159.0 mm): Footprint REF**
[extra_footprint]: Extra footprint
    ; warning
    @(103.5 mm, 159.0 mm): Footprint REF**

** End of Report **
