ERC report (2025-10-09T19:09:55+0000, Encoding UTF8)

***** Sheet /
[footprint_link_issues]: Assigned footprint (pinheader_1x39_p2.54mm_vertical) doesn't match footprint filters (Connector*:*_1x??_*).
    ; warning
    @(0.2667 mm, 0.6985 mm): Symbol P1 [Conn_01x39]

[four_way_junction]: Four items connected at 482600, 673100
    ; warning
    @(0.4826 mm, 0.6731 mm): Symbol #PWR3 Pin 1 [Power input, Line]
    @(0.5588 mm, 0.6731 mm): Horizontal Wire, length 0.0762 mm

[footprint_link_issues]: Assigned footprint (sop-24_7.5x15.4mm_p1.27mm) doesn't match footprint filters (DIP*W15.24mm*).
    ; warning
    @(1.1938 mm, 1.3843 mm): Symbol U4 [YMF262]

[footprint_link_issues]: Assigned footprint (sop-16_4.55x10.3mm_p1.27mm) doesn't match footprint filters (DIP*W15.24mm*).
    ; warning
    @(1.9558 mm, 0.5461 mm): Symbol U1 [YAC512]

[footprint_link_issues]: Assigned footprint (headphone_jack_3.5mm_5_pin) doesn't match footprint filters (Jack*).
    ; warning
    @(2.3749 mm, 1.524 mm): Symbol CON1 [AudioJack3_SwitchTR]

[unconnected_wire_endpoint]: Unconnected wire endpoint
    ; warning
    @(2.6924 mm, 1.1176 mm): Horizontal Wire, length 0.0127 mm

 ** ERC messages: 6  Errors 0  Warnings 6
